Unity Editor version:    2020.3.17f1 (a4537701e4ab)
Branch:                  2020.3/staging
Build type:              Release
Batch mode:              YES
macOS version:           Version 10.15.7 (Build 19H1419)
Darwin version:          19.6.0
Architecture:            x86_64
Running under Rosetta:   NO
Available memory:        65536 MB
Using pre-set license
Pro License: NO

COMMAND LINE ARGUMENTS:
/Applications/Unity/Hub/Editor/2020.3.17f1/Unity.app/Contents/MacOS/Unity
-adb2
-batchMode
-noUpm
-name
AssetImportWorker0
-projectPath
/Volumes/SAVE HERE/W11-ShaderGraphRepo/W11_ShaderGraph
-logFile
Logs/AssetImportWorker0.log
-srvPort
54382
Successfully changed project path to: /Volumes/SAVE HERE/W11-ShaderGraphRepo/W11_ShaderGraph
/Volumes/SAVE HERE/W11-ShaderGraphRepo/W11_ShaderGraph
Using Asset Import Pipeline V2.
Refreshing native plugins compatible for Editor in 60.13 ms, found 3 plugins.
Preloading 1 native plugins for Editor in 10.81 ms.
Initialize engine version: 2020.3.17f1 (a4537701e4ab)
[Subsystems] Discovering subsystems at path /Applications/Unity/Hub/Editor/2020.3.17f1/Unity.app/Contents/Resources/UnitySubsystems
[Subsystems] Discovering subsystems at path /Volumes/SAVE HERE/W11-ShaderGraphRepo/W11_ShaderGraph/Assets
GfxDevice: creating device client; threaded=0
2021-11-15 15:11:06.271 Unity[59355:739680] iMac preferred device: AMD Radeon Pro Vega 64 (high power)
2021-11-15 15:11:06.271 Unity[59355:739680] Metal devices available: 1
2021-11-15 15:11:06.271 Unity[59355:739680] 0: AMD Radeon Pro Vega 64 (high power)
2021-11-15 15:11:06.272 Unity[59355:739680] Using device AMD Radeon Pro Vega 64 (high power)
Initializing Metal device caps: AMD Radeon Pro Vega 64
Initialize mono
Mono path[0] = '/Applications/Unity/Hub/Editor/2020.3.17f1/Unity.app/Contents/Managed'
Mono path[1] = '/Applications/Unity/Hub/Editor/2020.3.17f1/Unity.app/Contents/MonoBleedingEdge/lib/mono/unityjit'
Mono config path = '/Applications/Unity/Hub/Editor/2020.3.17f1/Unity.app/Contents/MonoBleedingEdge/etc'
Using monoOptions --debugger-agent=transport=dt_socket,embedding=1,server=y,suspend=n,address=127.0.0.1:56355
Begin MonoManager ReloadAssembly
Registering precompiled unity dll's ...
Register platform support module: /Applications/Unity/Hub/Editor/2020.3.17f1/Unity.app/Contents/PlaybackEngines/MacStandaloneSupport/UnityEditor.OSXStandalone.Extensions.dll
Registered in 0.000644 seconds.
Native extension for OSXStandalone target not found
Refreshing native plugins compatible for Editor in 55.16 ms, found 3 plugins.
Preloading 1 native plugins for Editor in 0.45 ms.
Mono: successfully reloaded assembly
- Completed reload, in  2.771 seconds
Domain Reload Profiling:
	ReloadAssembly (2771ms)
		BeginReloadAssembly (55ms)
			ExecutionOrderSort (0ms)
			DisableScriptedObjects (0ms)
			BackupInstance (0ms)
			ReleaseScriptingObjects (0ms)
			CreateAndSetChildDomain (1ms)
		EndReloadAssembly (465ms)
			LoadAssemblies (54ms)
			RebuildTransferFunctionScriptingTraits (0ms)
			SetupTypeCache (180ms)
			ReleaseScriptCaches (0ms)
			RebuildScriptCaches (38ms)
			SetupLoadedEditorAssemblies (197ms)
				LogAssemblyErrors (0ms)
				InitializePlatformSupportModulesInManaged (4ms)
				SetLoadedEditorAssemblies (0ms)
				RefreshPlugins (56ms)
				BeforeProcessingInitializeOnLoad (27ms)
				ProcessInitializeOnLoadAttributes (84ms)
				ProcessInitializeOnLoadMethodAttributes (26ms)
				AfterProcessingInitializeOnLoad (0ms)
				EditorAssembliesLoaded (0ms)
			ExecutionOrderSort2 (0ms)
			AwakeInstancesAfterBackupRestoration (0ms)
Platform modules already initialized, skipping
Registering precompiled user dll's ...
Registered in 0.003797 seconds.
Begin MonoManager ReloadAssembly
Native extension for OSXStandalone target not found
Refreshing native plugins compatible for Editor in 60.23 ms, found 3 plugins.
Preloading 1 native plugins for Editor in 0.43 ms.
Mono: successfully reloaded assembly
- Completed reload, in  1.438 seconds
Domain Reload Profiling:
	ReloadAssembly (1439ms)
		BeginReloadAssembly (191ms)
			ExecutionOrderSort (0ms)
			DisableScriptedObjects (9ms)
			BackupInstance (0ms)
			ReleaseScriptingObjects (0ms)
			CreateAndSetChildDomain (38ms)
		EndReloadAssembly (1184ms)
			LoadAssemblies (101ms)
			RebuildTransferFunctionScriptingTraits (0ms)
			SetupTypeCache (394ms)
			ReleaseScriptCaches (1ms)
			RebuildScriptCaches (65ms)
			SetupLoadedEditorAssemblies (502ms)
				LogAssemblyErrors (0ms)
				InitializePlatformSupportModulesInManaged (4ms)
				SetLoadedEditorAssemblies (0ms)
				RefreshPlugins (61ms)
				BeforeProcessingInitializeOnLoad (96ms)
				ProcessInitializeOnLoadAttributes (336ms)
				ProcessInitializeOnLoadMethodAttributes (4ms)
				AfterProcessingInitializeOnLoad (1ms)
				EditorAssembliesLoaded (0ms)
			ExecutionOrderSort2 (0ms)
			AwakeInstancesAfterBackupRestoration (6ms)
Platform modules already initialized, skipping
Validating Project structure ... 0.001241 seconds.
Shader import version has changed; will reimport all shaders...
Upgrading shader files ...0.001511 seconds.
Application.AssetDatabase Initial Script Refresh Start
RefreshInfo: InitialScriptRefreshV2(NoUpdateAssetOptions) scanfilter:  ... 1 filters
RefreshProfiler: Total: 0.000ms
Application.AssetDatabase Initial Script Refresh End
Application.AssetDatabase.Refresh Start
Application.AssetDatabase.Refresh End
RefreshInfo: StopAssetImportingV2(ForceSynchronousImport) scanfilter: 
RefreshProfiler: Total: 0.000ms
Launching external process: /Applications/Unity/Hub/Editor/2020.3.17f1/Unity.app/Contents/Tools/UnityShaderCompiler
Launched and connected shader compiler UnityShaderCompiler after 0.01 seconds
Initializing Unity extensions:
========================================================================
Worker process is ready to serve import requests
Refreshing native plugins compatible for Editor in 0.81 ms, found 3 plugins.
Preloading 1 native plugins for Editor in 0.44 ms.
Unloading 3612 Unused Serialized files (Serialized files now loaded: 0)
System memory in use before: 283.6 MB.
System memory in use after: 283.4 MB.

Unloading 174 unused Assets to reduce memory usage. Loaded Objects now: 4085.
Total: 5.609032 ms (FindLiveObjects: 0.503815 ms CreateObjectMapping: 0.210393 ms MarkObjects: 4.534145 ms  DeleteObjects: 0.359944 ms)

AssetImportParameters requested are different than current active one (requested -> active):
  custom:video-decoder-ogg-theora: a1e56fd34408186e4bbccfd4996cb3dc -> 
  custom:container-muxer-webm: aa71ff27fc2769a1b78a27578f13a17b -> 
  custom:container-demuxer-webm: 4f35f7cbe854078d1ac9338744f61a02 -> 
  custom:container-demuxer-ogg: 62fdf1f143b41e24485cea50d1cbac27 -> 
  custom:video-encoder-webm-vp8: eb34c28f22e8b96e1ab97ce403110664 -> 
  custom:framework-osx-AVFoundation: b23960f63f64bdc6ff669e2cdcee2391 -> 
  custom:video-decoder-webm-vp8: 9c59270c3fd7afecdb556c50c9e8de78 -> 
  custom:audio-decoder-ogg-vorbis: bf7c407c2cedff20999df2af8eb42d56 -> 
  custom:audio-encoder-webm-vorbis: bf7c407c2cedff20999df2af8eb42d56 -> 
========================================================================
Received Import Request.
  path: Assets/Samples/Shader Graph/10.6.0/Procedural Patterns
  artifactKey: Guid(8d09f62899eb2434aa4cbd5eb848ac4d) Importer(815301076,1909f56bfc062723c751e8b465ee728b)
Start importing Assets/Samples/Shader Graph/10.6.0/Procedural Patterns using Guid(8d09f62899eb2434aa4cbd5eb848ac4d) Importer(815301076,1909f56bfc062723c751e8b465ee728b)  -> (artifact id: 'e5ca5d4f2543acf96865409ff20a1624') in 0.008353 seconds 
  Import took 0.013834 seconds .

========================================================================
Received Import Request.
  Time since last request: 19.957445 seconds.
  path: Assets/Materials/BlackSky.mat
  artifactKey: Guid(83759946af614504680b175946d48aa7) Importer(815301076,1909f56bfc062723c751e8b465ee728b)
Start importing Assets/Materials/BlackSky.mat using Guid(83759946af614504680b175946d48aa7) Importer(815301076,1909f56bfc062723c751e8b465ee728b)  -> (artifact id: '88172ab45e57147eaad1585984dbcced') in 0.603950 seconds 
  Import took 0.610394 seconds .

========================================================================
Received Import Request.
  Time since last request: 0.003087 seconds.
  path: Assets/Materials/Ground.mat
  artifactKey: Guid(139fc14d7131a594caaeb322a88ba4aa) Importer(815301076,1909f56bfc062723c751e8b465ee728b)
Start importing Assets/Materials/Ground.mat using Guid(139fc14d7131a594caaeb322a88ba4aa) Importer(815301076,1909f56bfc062723c751e8b465ee728b)  -> (artifact id: 'd62edce001ada2eef9c26de2ae3c42e3') in 0.402882 seconds 
  Import took 0.408821 seconds .

========================================================================
Received Import Request.
  Time since last request: 6.004326 seconds.
  path: Assets/Materials/Shaders
  artifactKey: Guid(983f64f483f6540bdad4f6dc2cff28eb) Importer(815301076,1909f56bfc062723c751e8b465ee728b)
Start importing Assets/Materials/Shaders using Guid(983f64f483f6540bdad4f6dc2cff28eb) Importer(815301076,1909f56bfc062723c751e8b465ee728b)  -> (artifact id: '899eb09be971d5bd53967008bada4c3e') in 0.001849 seconds 
  Import took 0.008432 seconds .

========================================================================
Received Import Request.
  Time since last request: 26.642306 seconds.
  path: Assets/Materials/Shaders/Demo.shadergraph
  artifactKey: Guid(3cdcdcd2647954a31a8fa32653a1e34b) Importer(815301076,1909f56bfc062723c751e8b465ee728b)
Start importing Assets/Materials/Shaders/Demo.shadergraph using Guid(3cdcdcd2647954a31a8fa32653a1e34b) Importer(815301076,1909f56bfc062723c751e8b465ee728b)  -> (artifact id: '012301e81650b3ab965096a5db4cf199') in 0.218163 seconds 
  Import took 0.224676 seconds .

========================================================================
Received Import Request.
  Time since last request: 0.742265 seconds.
  path: Assets/Materials/Shaders/Demo.shadergraph
  artifactKey: Guid(3cdcdcd2647954a31a8fa32653a1e34b) Importer(815301076,1909f56bfc062723c751e8b465ee728b)
Start importing Assets/Materials/Shaders/Demo.shadergraph using Guid(3cdcdcd2647954a31a8fa32653a1e34b) Importer(815301076,1909f56bfc062723c751e8b465ee728b)  -> (artifact id: '012301e81650b3ab965096a5db4cf199') in 0.006001 seconds 
  Import took 0.012607 seconds .

